2026-04-15 10:56:39: Error: ENOENT: no such file or directory, open 'C:\Users\administrator\Downloads\neobank-main\.next\BUILD_ID'
2026-04-15 10:56:39:     at async open (node:internal/fs/promises:640:25)
2026-04-15 10:56:39:     at async Object.readFile (node:internal/fs/promises:1283:14)
2026-04-15 10:56:39:     at async setupFsCheck (C:\Users\administrator\Downloads\neobank-main\node_modules\next\dist\server\lib\router-utils\filesystem.js:144:19)
2026-04-15 10:56:39:     at async initialize (C:\Users\administrator\Downloads\neobank-main\node_modules\next\dist\server\lib\router-server.js:54:23)
2026-04-15 10:56:39:     at async Server.<anonymous> (C:\Users\administrator\Downloads\neobank-main\node_modules\next\dist\server\lib\start-server.js:236:36) {
2026-04-15 10:56:39:   errno: -4058,
2026-04-15 10:56:39:   code: 'ENOENT',
2026-04-15 10:56:39:   syscall: 'open',
2026-04-15 10:56:39:   path: 'C:\\Users\\administrator\\Downloads\\neobank-main\\.next\\BUILD_ID'
2026-04-15 10:56:39: }
2026-04-15 10:56:39: Error: ENOENT: no such file or directory, open 'C:\Users\administrator\Downloads\neobank-main\.next\BUILD_ID'
2026-04-15 10:56:39:     at async open (node:internal/fs/promises:640:25)
2026-04-15 10:56:39:     at async Object.readFile (node:internal/fs/promises:1283:14)
2026-04-15 10:56:39:     at async setupFsCheck (C:\Users\administrator\Downloads\neobank-main\node_modules\next\dist\server\lib\router-utils\filesystem.js:144:19)
2026-04-15 10:56:39:     at async initialize (C:\Users\administrator\Downloads\neobank-main\node_modules\next\dist\server\lib\router-server.js:54:23)
2026-04-15 10:56:39:     at async Server.<anonymous> (C:\Users\administrator\Downloads\neobank-main\node_modules\next\dist\server\lib\start-server.js:236:36) {
2026-04-15 10:56:39:   errno: -4058,
2026-04-15 10:56:39:   code: 'ENOENT',
2026-04-15 10:56:39:   syscall: 'open',
2026-04-15 10:56:39:   path: 'C:\\Users\\administrator\\Downloads\\neobank-main\\.next\\BUILD_ID'
2026-04-15 10:56:39: }
2026-04-15 10:56:40: Error: ENOENT: no such file or directory, open 'C:\Users\administrator\Downloads\neobank-main\.next\BUILD_ID'
2026-04-15 10:56:40:     at async open (node:internal/fs/promises:640:25)
2026-04-15 10:56:40:     at async Object.readFile (node:internal/fs/promises:1283:14)
2026-04-15 10:56:40:     at async setupFsCheck (C:\Users\administrator\Downloads\neobank-main\node_modules\next\dist\server\lib\router-utils\filesystem.js:144:19)
2026-04-15 10:56:40:     at async initialize (C:\Users\administrator\Downloads\neobank-main\node_modules\next\dist\server\lib\router-server.js:54:23)
2026-04-15 10:56:40:     at async Server.<anonymous> (C:\Users\administrator\Downloads\neobank-main\node_modules\next\dist\server\lib\start-server.js:236:36) {
2026-04-15 10:56:40:   errno: -4058,
2026-04-15 10:56:40:   code: 'ENOENT',
2026-04-15 10:56:40:   syscall: 'open',
2026-04-15 10:56:40:   path: 'C:\\Users\\administrator\\Downloads\\neobank-main\\.next\\BUILD_ID'
2026-04-15 10:56:40: }
2026-04-15 10:56:40: Error: ENOENT: no such file or directory, open 'C:\Users\administrator\Downloads\neobank-main\.next\BUILD_ID'
2026-04-15 10:56:40:     at async open (node:internal/fs/promises:640:25)
2026-04-15 10:56:40:     at async Object.readFile (node:internal/fs/promises:1283:14)
2026-04-15 10:56:40:     at async setupFsCheck (C:\Users\administrator\Downloads\neobank-main\node_modules\next\dist\server\lib\router-utils\filesystem.js:144:19)
2026-04-15 10:56:40:     at async initialize (C:\Users\administrator\Downloads\neobank-main\node_modules\next\dist\server\lib\router-server.js:54:23)
2026-04-15 10:56:40:     at async Server.<anonymous> (C:\Users\administrator\Downloads\neobank-main\node_modules\next\dist\server\lib\start-server.js:236:36) {
2026-04-15 10:56:40:   errno: -4058,
2026-04-15 10:56:40:   code: 'ENOENT',
2026-04-15 10:56:40:   syscall: 'open',
2026-04-15 10:56:40:   path: 'C:\\Users\\administrator\\Downloads\\neobank-main\\.next\\BUILD_ID'
2026-04-15 10:56:40: }
2026-04-15 10:56:41: Error: ENOENT: no such file or directory, open 'C:\Users\administrator\Downloads\neobank-main\.next\BUILD_ID'
2026-04-15 10:56:41:     at async open (node:internal/fs/promises:640:25)
2026-04-15 10:56:41:     at async Object.readFile (node:internal/fs/promises:1283:14)
2026-04-15 10:56:41:     at async setupFsCheck (C:\Users\administrator\Downloads\neobank-main\node_modules\next\dist\server\lib\router-utils\filesystem.js:144:19)
2026-04-15 10:56:41:     at async initialize (C:\Users\administrator\Downloads\neobank-main\node_modules\next\dist\server\lib\router-server.js:54:23)
2026-04-15 10:56:41:     at async Server.<anonymous> (C:\Users\administrator\Downloads\neobank-main\node_modules\next\dist\server\lib\start-server.js:236:36) {
2026-04-15 10:56:41:   errno: -4058,
2026-04-15 10:56:41:   code: 'ENOENT',
2026-04-15 10:56:41:   syscall: 'open',
2026-04-15 10:56:41:   path: 'C:\\Users\\administrator\\Downloads\\neobank-main\\.next\\BUILD_ID'
2026-04-15 10:56:41: }
2026-04-15 10:56:41: Error: ENOENT: no such file or directory, open 'C:\Users\administrator\Downloads\neobank-main\.next\BUILD_ID'
2026-04-15 10:56:41:     at async open (node:internal/fs/promises:640:25)
2026-04-15 10:56:41:     at async Object.readFile (node:internal/fs/promises:1283:14)
2026-04-15 10:56:41:     at async setupFsCheck (C:\Users\administrator\Downloads\neobank-main\node_modules\next\dist\server\lib\router-utils\filesystem.js:144:19)
2026-04-15 10:56:41:     at async initialize (C:\Users\administrator\Downloads\neobank-main\node_modules\next\dist\server\lib\router-server.js:54:23)
2026-04-15 10:56:41:     at async Server.<anonymous> (C:\Users\administrator\Downloads\neobank-main\node_modules\next\dist\server\lib\start-server.js:236:36) {
2026-04-15 10:56:41:   errno: -4058,
2026-04-15 10:56:41:   code: 'ENOENT',
2026-04-15 10:56:41:   syscall: 'open',
2026-04-15 10:56:41:   path: 'C:\\Users\\administrator\\Downloads\\neobank-main\\.next\\BUILD_ID'
2026-04-15 10:56:41: }
2026-04-15 10:56:41: Error: ENOENT: no such file or directory, open 'C:\Users\administrator\Downloads\neobank-main\.next\BUILD_ID'
2026-04-15 10:56:41:     at async open (node:internal/fs/promises:640:25)
2026-04-15 10:56:41:     at async Object.readFile (node:internal/fs/promises:1283:14)
2026-04-15 10:56:41:     at async setupFsCheck (C:\Users\administrator\Downloads\neobank-main\node_modules\next\dist\server\lib\router-utils\filesystem.js:144:19)
2026-04-15 10:56:41:     at async initialize (C:\Users\administrator\Downloads\neobank-main\node_modules\next\dist\server\lib\router-server.js:54:23)
2026-04-15 10:56:41:     at async Server.<anonymous> (C:\Users\administrator\Downloads\neobank-main\node_modules\next\dist\server\lib\start-server.js:236:36) {
2026-04-15 10:56:41:   errno: -4058,
2026-04-15 10:56:41:   code: 'ENOENT',
2026-04-15 10:56:41:   syscall: 'open',
2026-04-15 10:56:41:   path: 'C:\\Users\\administrator\\Downloads\\neobank-main\\.next\\BUILD_ID'
2026-04-15 10:56:41: }
2026-04-15 10:56:42: Error: ENOENT: no such file or directory, open 'C:\Users\administrator\Downloads\neobank-main\.next\BUILD_ID'
2026-04-15 10:56:42:     at async open (node:internal/fs/promises:640:25)
2026-04-15 10:56:42:     at async Object.readFile (node:internal/fs/promises:1283:14)
2026-04-15 10:56:42:     at async setupFsCheck (C:\Users\administrator\Downloads\neobank-main\node_modules\next\dist\server\lib\router-utils\filesystem.js:144:19)
2026-04-15 10:56:42:     at async initialize (C:\Users\administrator\Downloads\neobank-main\node_modules\next\dist\server\lib\router-server.js:54:23)
2026-04-15 10:56:42:     at async Server.<anonymous> (C:\Users\administrator\Downloads\neobank-main\node_modules\next\dist\server\lib\start-server.js:236:36) {
2026-04-15 10:56:42:   errno: -4058,
2026-04-15 10:56:42:   code: 'ENOENT',
2026-04-15 10:56:42:   syscall: 'open',
2026-04-15 10:56:42:   path: 'C:\\Users\\administrator\\Downloads\\neobank-main\\.next\\BUILD_ID'
2026-04-15 10:56:42: }
2026-04-15 10:56:42: Error: ENOENT: no such file or directory, open 'C:\Users\administrator\Downloads\neobank-main\.next\BUILD_ID'
2026-04-15 10:56:42:     at async open (node:internal/fs/promises:640:25)
2026-04-15 10:56:42:     at async Object.readFile (node:internal/fs/promises:1283:14)
2026-04-15 10:56:42:     at async setupFsCheck (C:\Users\administrator\Downloads\neobank-main\node_modules\next\dist\server\lib\router-utils\filesystem.js:144:19)
2026-04-15 10:56:42:     at async initialize (C:\Users\administrator\Downloads\neobank-main\node_modules\next\dist\server\lib\router-server.js:54:23)
2026-04-15 10:56:42:     at async Server.<anonymous> (C:\Users\administrator\Downloads\neobank-main\node_modules\next\dist\server\lib\start-server.js:236:36) {
2026-04-15 10:56:42:   errno: -4058,
2026-04-15 10:56:42:   code: 'ENOENT',
2026-04-15 10:56:42:   syscall: 'open',
2026-04-15 10:56:42:   path: 'C:\\Users\\administrator\\Downloads\\neobank-main\\.next\\BUILD_ID'
2026-04-15 10:56:42: }
2026-04-15 10:56:43: Error: ENOENT: no such file or directory, open 'C:\Users\administrator\Downloads\neobank-main\.next\BUILD_ID'
2026-04-15 10:56:43:     at async open (node:internal/fs/promises:640:25)
2026-04-15 10:56:43:     at async Object.readFile (node:internal/fs/promises:1283:14)
2026-04-15 10:56:43:     at async setupFsCheck (C:\Users\administrator\Downloads\neobank-main\node_modules\next\dist\server\lib\router-utils\filesystem.js:144:19)
2026-04-15 10:56:43:     at async initialize (C:\Users\administrator\Downloads\neobank-main\node_modules\next\dist\server\lib\router-server.js:54:23)
2026-04-15 10:56:43:     at async Server.<anonymous> (C:\Users\administrator\Downloads\neobank-main\node_modules\next\dist\server\lib\start-server.js:236:36) {
2026-04-15 10:56:43:   errno: -4058,
2026-04-15 10:56:43:   code: 'ENOENT',
2026-04-15 10:56:43:   syscall: 'open',
2026-04-15 10:56:43:   path: 'C:\\Users\\administrator\\Downloads\\neobank-main\\.next\\BUILD_ID'
2026-04-15 10:56:43: }
2026-04-15 10:56:43: Error: ENOENT: no such file or directory, open 'C:\Users\administrator\Downloads\neobank-main\.next\BUILD_ID'
2026-04-15 10:56:43:     at async open (node:internal/fs/promises:640:25)
2026-04-15 10:56:43:     at async Object.readFile (node:internal/fs/promises:1283:14)
2026-04-15 10:56:43:     at async setupFsCheck (C:\Users\administrator\Downloads\neobank-main\node_modules\next\dist\server\lib\router-utils\filesystem.js:144:19)
2026-04-15 10:56:43:     at async initialize (C:\Users\administrator\Downloads\neobank-main\node_modules\next\dist\server\lib\router-server.js:54:23)
2026-04-15 10:56:43:     at async Server.<anonymous> (C:\Users\administrator\Downloads\neobank-main\node_modules\next\dist\server\lib\start-server.js:236:36) {
2026-04-15 10:56:43:   errno: -4058,
2026-04-15 10:56:43:   code: 'ENOENT',
2026-04-15 10:56:43:   syscall: 'open',
2026-04-15 10:56:43:   path: 'C:\\Users\\administrator\\Downloads\\neobank-main\\.next\\BUILD_ID'
2026-04-15 10:56:43: }
2026-04-15 10:56:43: Error: ENOENT: no such file or directory, open 'C:\Users\administrator\Downloads\neobank-main\.next\BUILD_ID'
2026-04-15 10:56:43:     at async open (node:internal/fs/promises:640:25)
2026-04-15 10:56:43:     at async Object.readFile (node:internal/fs/promises:1283:14)
2026-04-15 10:56:43:     at async setupFsCheck (C:\Users\administrator\Downloads\neobank-main\node_modules\next\dist\server\lib\router-utils\filesystem.js:144:19)
2026-04-15 10:56:43:     at async initialize (C:\Users\administrator\Downloads\neobank-main\node_modules\next\dist\server\lib\router-server.js:54:23)
2026-04-15 10:56:43:     at async Server.<anonymous> (C:\Users\administrator\Downloads\neobank-main\node_modules\next\dist\server\lib\start-server.js:236:36) {
2026-04-15 10:56:43:   errno: -4058,
2026-04-15 10:56:43:   code: 'ENOENT',
2026-04-15 10:56:43:   syscall: 'open',
2026-04-15 10:56:43:   path: 'C:\\Users\\administrator\\Downloads\\neobank-main\\.next\\BUILD_ID'
2026-04-15 10:56:43: }
2026-04-15 10:56:44: Error: ENOENT: no such file or directory, open 'C:\Users\administrator\Downloads\neobank-main\.next\BUILD_ID'
2026-04-15 10:56:44:     at async open (node:internal/fs/promises:640:25)
2026-04-15 10:56:44:     at async Object.readFile (node:internal/fs/promises:1283:14)
2026-04-15 10:56:44:     at async setupFsCheck (C:\Users\administrator\Downloads\neobank-main\node_modules\next\dist\server\lib\router-utils\filesystem.js:144:19)
2026-04-15 10:56:44:     at async initialize (C:\Users\administrator\Downloads\neobank-main\node_modules\next\dist\server\lib\router-server.js:54:23)
2026-04-15 10:56:44:     at async Server.<anonymous> (C:\Users\administrator\Downloads\neobank-main\node_modules\next\dist\server\lib\start-server.js:236:36) {
2026-04-15 10:56:44:   errno: -4058,
2026-04-15 10:56:44:   code: 'ENOENT',
2026-04-15 10:56:44:   syscall: 'open',
2026-04-15 10:56:44:   path: 'C:\\Users\\administrator\\Downloads\\neobank-main\\.next\\BUILD_ID'
2026-04-15 10:56:44: }
2026-04-15 10:56:44: Error: ENOENT: no such file or directory, open 'C:\Users\administrator\Downloads\neobank-main\.next\BUILD_ID'
2026-04-15 10:56:44:     at async open (node:internal/fs/promises:640:25)
2026-04-15 10:56:44:     at async Object.readFile (node:internal/fs/promises:1283:14)
2026-04-15 10:56:44:     at async setupFsCheck (C:\Users\administrator\Downloads\neobank-main\node_modules\next\dist\server\lib\router-utils\filesystem.js:144:19)
2026-04-15 10:56:44:     at async initialize (C:\Users\administrator\Downloads\neobank-main\node_modules\next\dist\server\lib\router-server.js:54:23)
2026-04-15 10:56:44:     at async Server.<anonymous> (C:\Users\administrator\Downloads\neobank-main\node_modules\next\dist\server\lib\start-server.js:236:36) {
2026-04-15 10:56:44:   errno: -4058,
2026-04-15 10:56:44:   code: 'ENOENT',
2026-04-15 10:56:44:   syscall: 'open',
2026-04-15 10:56:44:   path: 'C:\\Users\\administrator\\Downloads\\neobank-main\\.next\\BUILD_ID'
2026-04-15 10:56:44: }
2026-04-15 10:56:45: Error: ENOENT: no such file or directory, open 'C:\Users\administrator\Downloads\neobank-main\.next\BUILD_ID'
2026-04-15 10:56:45:     at async open (node:internal/fs/promises:640:25)
2026-04-15 10:56:45:     at async Object.readFile (node:internal/fs/promises:1283:14)
2026-04-15 10:56:45:     at async setupFsCheck (C:\Users\administrator\Downloads\neobank-main\node_modules\next\dist\server\lib\router-utils\filesystem.js:144:19)
2026-04-15 10:56:45:     at async initialize (C:\Users\administrator\Downloads\neobank-main\node_modules\next\dist\server\lib\router-server.js:54:23)
2026-04-15 10:56:45:     at async Server.<anonymous> (C:\Users\administrator\Downloads\neobank-main\node_modules\next\dist\server\lib\start-server.js:236:36) {
2026-04-15 10:56:45:   errno: -4058,
2026-04-15 10:56:45:   code: 'ENOENT',
2026-04-15 10:56:45:   syscall: 'open',
2026-04-15 10:56:45:   path: 'C:\\Users\\administrator\\Downloads\\neobank-main\\.next\\BUILD_ID'
2026-04-15 10:56:45: }
2026-04-15 10:56:45: Error: ENOENT: no such file or directory, open 'C:\Users\administrator\Downloads\neobank-main\.next\BUILD_ID'
2026-04-15 10:56:45:     at async open (node:internal/fs/promises:640:25)
2026-04-15 10:56:45:     at async Object.readFile (node:internal/fs/promises:1283:14)
2026-04-15 10:56:45:     at async setupFsCheck (C:\Users\administrator\Downloads\neobank-main\node_modules\next\dist\server\lib\router-utils\filesystem.js:144:19)
2026-04-15 10:56:45:     at async initialize (C:\Users\administrator\Downloads\neobank-main\node_modules\next\dist\server\lib\router-server.js:54:23)
2026-04-15 10:56:45:     at async Server.<anonymous> (C:\Users\administrator\Downloads\neobank-main\node_modules\next\dist\server\lib\start-server.js:236:36) {
2026-04-15 10:56:45:   errno: -4058,
2026-04-15 10:56:45:   code: 'ENOENT',
2026-04-15 10:56:45:   syscall: 'open',
2026-04-15 10:56:45:   path: 'C:\\Users\\administrator\\Downloads\\neobank-main\\.next\\BUILD_ID'
2026-04-15 10:56:45: }
